# JRE version: Java(TM) SE Runtime Environment (7.0_80-b15) (build 1.7.0_80-b15)
# Java VM: Java HotSpot(TM) 64-Bit Server VM (24.80-b11 mixed mode linux-amd64 compressed oops)
Heap
 PSYoungGen      total 90624K, used 22481K [0x00000000ebf00000, 0x00000000f6f80000, 0x0000000100000000)
  eden space 51200K, 0% used [0x00000000ebf00000,0x00000000ebf00000,0x00000000ef100000)
  from space 39424K, 57% used [0x00000000f2800000,0x00000000f3df4418,0x00000000f4e80000)
  to   space 56320K, 0% used [0x00000000ef100000,0x00000000ef100000,0x00000000f2800000)
 ParOldGen       total 139776K, used 139641K [0x00000000c3e00000, 0x00000000cc680000, 0x00000000ebf00000)
  object space 139776K, 99% used [0x00000000c3e00000,0x00000000cc65e430,0x00000000cc680000)
 PSPermGen       total 33792K, used 22242K [0x00000000bec00000, 0x00000000c0d00000, 0x00000000c3e00000)
  object space 33792K, 65% used [0x00000000bec00000,0x00000000c01b8880,0x00000000c0d00000)
GC Heap History (10 events):
Event: 30,892 GC heap after
Heap after GC invocations=16 (full 3):
 PSYoungGen      total 57344K, used 15382K [0x00000000ebf00000, 0x00000000f2000000, 0x0000000100000000)
  eden space 30720K, 0% used [0x00000000ebf00000,0x00000000ebf00000,0x00000000edd00000)
  from space 26624K, 57% used [0x00000000edd00000,0x00000000eec05ad0,0x00000000ef700000)
  to   space 27136K, 0% used [0x00000000f0580000,0x00000000f0580000,0x00000000f2000000)
 ParOldGen       total 99840K, used 69231K [0x00000000c3e00000, 0x00000000c9f80000, 0x00000000ebf00000)
  object space 99840K, 69% used [0x00000000c3e00000,0x00000000c819bd08,0x00000000c9f80000)
 PSPermGen       total 30720K, used 21801K [0x00000000bec00000, 0x00000000c0a00000, 0x00000000c3e00000)
  object space 30720K, 70% used [0x00000000bec00000,0x00000000c014a4b8,0x00000000c0a00000)
}
Event: 31,294 GC heap before
{Heap before GC invocations=17 (full 3):
 PSYoungGen      total 57344K, used 46079K [0x00000000ebf00000, 0x00000000f2000000, 0x0000000100000000)
  eden space 30720K, 99% used [0x00000000ebf00000,0x00000000edcfa258,0x00000000edd00000)
  from space 26624K, 57% used [0x00000000edd00000,0x00000000eec05ad0,0x00000000ef700000)
  to   space 27136K, 0% used [0x00000000f0580000,0x00000000f0580000,0x00000000f2000000)
 ParOldGen       total 99840K, used 69231K [0x00000000c3e00000, 0x00000000c9f80000, 0x00000000ebf00000)
  object space 99840K, 69% used [0x00000000c3e00000,0x00000000c819bd08,0x00000000c9f80000)
 PSPermGen       total 30720K, used 22226K [0x00000000bec00000, 0x00000000c0a00000, 0x00000000c3e00000)
  object space 30720K, 72% used [0x00000000bec00000,0x00000000c01b49c0,0x00000000c0a00000)
Event: 31,308 GC heap after
Heap after GC invocations=17 (full 3):
 PSYoungGen      total 69120K, used 5366K [0x00000000ebf00000, 0x00000000f1d80000, 0x0000000100000000)
  eden space 44544K, 0% used [0x00000000ebf00000,0x00000000ebf00000,0x00000000eea80000)
  from space 24576K, 21% used [0x00000000f0580000,0x00000000f0abd940,0x00000000f1d80000)
  to   space 26112K, 0% used [0x00000000eea80000,0x00000000eea80000,0x00000000f0400000)
 ParOldGen       total 99840K, used 69856K [0x00000000c3e00000, 0x00000000c9f80000, 0x00000000ebf00000)
  object space 99840K, 69% used [0x00000000c3e00000,0x00000000c82383e0,0x00000000c9f80000)
 PSPermGen       total 30720K, used 22226K [0x00000000bec00000, 0x00000000c0a00000, 0x00000000c3e00000)
  object space 30720K, 72% used [0x00000000bec00000,0x00000000c01b49c0,0x00000000c0a00000)
}
Event: 31,332 GC heap before
{Heap before GC invocations=18 (full 3):
 PSYoungGen      total 69120K, used 49906K [0x00000000ebf00000, 0x00000000f1d80000, 0x0000000100000000)
  eden space 44544K, 99% used [0x00000000ebf00000,0x00000000eea7f0f8,0x00000000eea80000)
  from space 24576K, 21% used [0x00000000f0580000,0x00000000f0abd940,0x00000000f1d80000)
  to   space 26112K, 0% used [0x00000000eea80000,0x00000000eea80000,0x00000000f0400000)
 ParOldGen       total 99840K, used 69856K [0x00000000c3e00000, 0x00000000c9f80000, 0x00000000ebf00000)
  object space 99840K, 69% used [0x00000000c3e00000,0x00000000c82383e0,0x00000000c9f80000)
 PSPermGen       total 30720K, used 22237K [0x00000000bec00000, 0x00000000c0a00000, 0x00000000c3e00000)
  object space 30720K, 72% used [0x00000000bec00000,0x00000000c01b7718,0x00000000c0a00000)
Event: 31,364 GC heap after
Heap after GC invocations=18 (full 3):
 PSYoungGen      total 70656K, used 26092K [0x00000000ebf00000, 0x00000000f4e80000, 0x0000000100000000)
  eden space 44544K, 0% used [0x00000000ebf00000,0x00000000ebf00000,0x00000000eea80000)
  from space 26112K, 99% used [0x00000000eea80000,0x00000000f03fb2a0,0x00000000f0400000)
  to   space 39424K, 0% used [0x00000000f2800000,0x00000000f2800000,0x00000000f4e80000)
 ParOldGen       total 99840K, used 93007K [0x00000000c3e00000, 0x00000000c9f80000, 0x00000000ebf00000)
  object space 99840K, 93% used [0x00000000c3e00000,0x00000000c98d3c38,0x00000000c9f80000)
 PSPermGen       total 30720K, used 22237K [0x00000000bec00000, 0x00000000c0a00000, 0x00000000c3e00000)
  object space 30720K, 72% used [0x00000000bec00000,0x00000000c01b7718,0x00000000c0a00000)
}
Event: 31,364 GC heap before
{Heap before GC invocations=19 (full 4):
 PSYoungGen      total 70656K, used 26092K [0x00000000ebf00000, 0x00000000f4e80000, 0x0000000100000000)
  eden space 44544K, 0% used [0x00000000ebf00000,0x00000000ebf00000,0x00000000eea80000)
  from space 26112K, 99% used [0x00000000eea80000,0x00000000f03fb2a0,0x00000000f0400000)
  to   space 39424K, 0% used [0x00000000f2800000,0x00000000f2800000,0x00000000f4e80000)
 ParOldGen       total 99840K, used 93007K [0x00000000c3e00000, 0x00000000c9f80000, 0x00000000ebf00000)
  object space 99840K, 93% used [0x00000000c3e00000,0x00000000c98d3c38,0x00000000c9f80000)
 PSPermGen       total 30720K, used 22237K [0x00000000bec00000, 0x00000000c0a00000, 0x00000000c3e00000)
  object space 30720K, 72% used [0x00000000bec00000,0x00000000c01b7718,0x00000000c0a00000)
Event: 31,539 GC heap after
Heap after GC invocations=19 (full 4):
 PSYoungGen      total 70656K, used 18901K [0x00000000ebf00000, 0x00000000f4e80000, 0x0000000100000000)
  eden space 44544K, 0% used [0x00000000ebf00000,0x00000000ebf00000,0x00000000eea80000)
  from space 26112K, 72% used [0x00000000eea80000,0x00000000efcf57a0,0x00000000f0400000)
  to   space 39424K, 0% used [0x00000000f2800000,0x00000000f2800000,0x00000000f4e80000)
 ParOldGen       total 139776K, used 99520K [0x00000000c3e00000, 0x00000000cc680000, 0x00000000ebf00000)
  object space 139776K, 71% used [0x00000000c3e00000,0x00000000c9f30068,0x00000000cc680000)
 PSPermGen       total 33792K, used 22233K [0x00000000bec00000, 0x00000000c0d00000, 0x00000000c3e00000)
  object space 33792K, 65% used [0x00000000bec00000,0x00000000c01b6510,0x00000000c0d00000)
}
Event: 31,553 GC heap before
{Heap before GC invocations=20 (full 4):
 PSYoungGen      total 70656K, used 63417K [0x00000000ebf00000, 0x00000000f4e80000, 0x0000000100000000)
  eden space 44544K, 99% used [0x00000000ebf00000,0x00000000eea78d08,0x00000000eea80000)
  from space 26112K, 72% used [0x00000000eea80000,0x00000000efcf57a0,0x00000000f0400000)
  to   space 39424K, 0% used [0x00000000f2800000,0x00000000f2800000,0x00000000f4e80000)
 ParOldGen       total 139776K, used 99520K [0x00000000c3e00000, 0x00000000cc680000, 0x00000000ebf00000)
  object space 139776K, 71% used [0x00000000c3e00000,0x00000000c9f30068,0x00000000cc680000)
 PSPermGen       total 33792K, used 22242K [0x00000000bec00000, 0x00000000c0d00000, 0x00000000c3e00000)
  object space 33792K, 65% used [0x00000000bec00000,0x00000000c01b8880,0x00000000c0d00000)
Event: 31,608 GC heap after
Heap after GC invocations=20 (full 4):
 PSYoungGen      total 90624K, used 39411K [0x00000000ebf00000, 0x00000000f6f80000, 0x0000000100000000)
  eden space 51200K, 0% used [0x00000000ebf00000,0x00000000ebf00000,0x00000000ef100000)
  from space 39424K, 99% used [0x00000000f2800000,0x00000000f4e7cc90,0x00000000f4e80000)
  to   space 56320K, 0% used [0x00000000ef100000,0x00000000ef100000,0x00000000f2800000)
 ParOldGen       total 139776K, used 126037K [0x00000000c3e00000, 0x00000000cc680000, 0x00000000ebf00000)
  object space 139776K, 90% used [0x00000000c3e00000,0x00000000cb915418,0x00000000cc680000)
 PSPermGen       total 33792K, used 22242K [0x00000000bec00000, 0x00000000c0d00000, 0x00000000c3e00000)
  object space 33792K, 65% used [0x00000000bec00000,0x00000000c01b8880,0x00000000c0d00000)
}
Event: 31,608 GC heap before
{Heap before GC invocations=21 (full 5):
 PSYoungGen      total 90624K, used 39411K [0x00000000ebf00000, 0x00000000f6f80000, 0x0000000100000000)
  eden space 51200K, 0% used [0x00000000ebf00000,0x00000000ebf00000,0x00000000ef100000)
  from space 39424K, 99% used [0x00000000f2800000,0x00000000f4e7cc90,0x00000000f4e80000)
  to   space 56320K, 0% used [0x00000000ef100000,0x00000000ef100000,0x00000000f2800000)
 ParOldGen       total 139776K, used 126037K [0x00000000c3e00000, 0x00000000cc680000, 0x00000000ebf00000)
  object space 139776K, 90% used [0x00000000c3e00000,0x00000000cb915418,0x00000000cc680000)
 PSPermGen       total 33792K, used 22242K [0x00000000bec00000, 0x00000000c0d00000, 0x00000000c3e00000)
  object space 33792K, 65% used [0x00000000bec00000,0x00000000c01b8880,0x00000000c0d00000)

