# JRE version: Java(TM) SE Runtime Environment (7.0_80-b15) (build 1.7.0_80-b15)
# Java VM: Java HotSpot(TM) 64-Bit Server VM (24.80-b11 mixed mode linux-amd64 compressed oops)
Heap
 PSYoungGen      total 147456K, used 57823K [0x00000000ebf00000, 0x00000000fb200000, 0x0000000100000000)
  eden space 76288K, 0% used [0x00000000ebf00000,0x00000000ebf00000,0x00000000f0980000)
  from space 71168K, 81% used [0x00000000f5800000,0x00000000f9077e38,0x00000000f9d80000)
  to   space 80384K, 0% used [0x00000000f0980000,0x00000000f0980000,0x00000000f5800000)
 ParOldGen       total 132096K, used 131797K [0x00000000c3e00000, 0x00000000cbf00000, 0x00000000ebf00000)
  object space 132096K, 99% used [0x00000000c3e00000,0x00000000cbeb55d0,0x00000000cbf00000)
 PSPermGen       total 35328K, used 22492K [0x00000000bec00000, 0x00000000c0e80000, 0x00000000c3e00000)
  object space 35328K, 63% used [0x00000000bec00000,0x00000000c01f7078,0x00000000c0e80000)
GC Heap History (10 events):
Event: 25,076 GC heap after
Heap after GC invocations=17 (full 4):
 PSYoungGen      total 99328K, used 33422K [0x00000000ebf00000, 0x00000000f7880000, 0x0000000100000000)
  eden space 44032K, 0% used [0x00000000ebf00000,0x00000000ebf00000,0x00000000eea00000)
  from space 55296K, 60% used [0x00000000eea00000,0x00000000f0aa38c8,0x00000000f2000000)
  to   space 60928K, 0% used [0x00000000f3d00000,0x00000000f3d00000,0x00000000f7880000)
 ParOldGen       total 188416K, used 133286K [0x00000000c3e00000, 0x00000000cf600000, 0x00000000ebf00000)
  object space 188416K, 70% used [0x00000000c3e00000,0x00000000cc0298f0,0x00000000cf600000)
 PSPermGen       total 34816K, used 22035K [0x00000000bec00000, 0x00000000c0e00000, 0x00000000c3e00000)
  object space 34816K, 63% used [0x00000000bec00000,0x00000000c0184ce0,0x00000000c0e00000)
}
Event: 26,603 GC heap before
{Heap before GC invocations=18 (full 4):
 PSYoungGen      total 99328K, used 77454K [0x00000000ebf00000, 0x00000000f7880000, 0x0000000100000000)
  eden space 44032K, 100% used [0x00000000ebf00000,0x00000000eea00000,0x00000000eea00000)
  from space 55296K, 60% used [0x00000000eea00000,0x00000000f0aa38c8,0x00000000f2000000)
  to   space 60928K, 0% used [0x00000000f3d00000,0x00000000f3d00000,0x00000000f7880000)
 ParOldGen       total 188416K, used 133286K [0x00000000c3e00000, 0x00000000cf600000, 0x00000000ebf00000)
  object space 188416K, 70% used [0x00000000c3e00000,0x00000000cc0298f0,0x00000000cf600000)
 PSPermGen       total 34816K, used 22325K [0x00000000bec00000, 0x00000000c0e00000, 0x00000000c3e00000)
  object space 34816K, 64% used [0x00000000bec00000,0x00000000c01cd780,0x00000000c0e00000)
Event: 26,639 GC heap after
Heap after GC invocations=18 (full 4):
 PSYoungGen      total 114688K, used 640K [0x00000000ebf00000, 0x00000000f7100000, 0x0000000100000000)
  eden space 61440K, 0% used [0x00000000ebf00000,0x00000000ebf00000,0x00000000efb00000)
  from space 53248K, 1% used [0x00000000f3d00000,0x00000000f3da0040,0x00000000f7100000)
  to   space 60416K, 0% used [0x00000000efb00000,0x00000000efb00000,0x00000000f3600000)
 ParOldGen       total 188416K, used 156345K [0x00000000c3e00000, 0x00000000cf600000, 0x00000000ebf00000)
  object space 188416K, 82% used [0x00000000c3e00000,0x00000000cd6ae5f0,0x00000000cf600000)
 PSPermGen       total 34816K, used 22325K [0x00000000bec00000, 0x00000000c0e00000, 0x00000000c3e00000)
  object space 34816K, 64% used [0x00000000bec00000,0x00000000c01cd780,0x00000000c0e00000)
}
Event: 26,639 GC heap before
{Heap before GC invocations=19 (full 5):
 PSYoungGen      total 114688K, used 640K [0x00000000ebf00000, 0x00000000f7100000, 0x0000000100000000)
  eden space 61440K, 0% used [0x00000000ebf00000,0x00000000ebf00000,0x00000000efb00000)
  from space 53248K, 1% used [0x00000000f3d00000,0x00000000f3da0040,0x00000000f7100000)
  to   space 60416K, 0% used [0x00000000efb00000,0x00000000efb00000,0x00000000f3600000)
 ParOldGen       total 188416K, used 156345K [0x00000000c3e00000, 0x00000000cf600000, 0x00000000ebf00000)
  object space 188416K, 82% used [0x00000000c3e00000,0x00000000cd6ae5f0,0x00000000cf600000)
 PSPermGen       total 34816K, used 22325K [0x00000000bec00000, 0x00000000c0e00000, 0x00000000c3e00000)
  object space 34816K, 64% used [0x00000000bec00000,0x00000000c01cd780,0x00000000c0e00000)
Event: 26,673 GC heap after
Heap after GC invocations=19 (full 5):
 PSYoungGen      total 114688K, used 0K [0x00000000ebf00000, 0x00000000f7100000, 0x0000000100000000)
  eden space 61440K, 0% used [0x00000000ebf00000,0x00000000ebf00000,0x00000000efb00000)
  from space 53248K, 0% used [0x00000000f3d00000,0x00000000f3d00000,0x00000000f7100000)
  to   space 60416K, 0% used [0x00000000efb00000,0x00000000efb00000,0x00000000f3600000)
 ParOldGen       total 132096K, used 70156K [0x00000000c3e00000, 0x00000000cbf00000, 0x00000000ebf00000)
  object space 132096K, 53% used [0x00000000c3e00000,0x00000000c82832b0,0x00000000cbf00000)
 PSPermGen       total 35328K, used 22325K [0x00000000bec00000, 0x00000000c0e80000, 0x00000000c3e00000)
  object space 35328K, 63% used [0x00000000bec00000,0x00000000c01cd6b0,0x00000000c0e80000)
}
Event: 27,139 GC heap before
{Heap before GC invocations=20 (full 5):
 PSYoungGen      total 114688K, used 61423K [0x00000000ebf00000, 0x00000000f7100000, 0x0000000100000000)
  eden space 61440K, 99% used [0x00000000ebf00000,0x00000000efafbd38,0x00000000efb00000)
  from space 53248K, 0% used [0x00000000f3d00000,0x00000000f3d00000,0x00000000f7100000)
  to   space 60416K, 0% used [0x00000000efb00000,0x00000000efb00000,0x00000000f3600000)
 ParOldGen       total 132096K, used 70156K [0x00000000c3e00000, 0x00000000cbf00000, 0x00000000ebf00000)
  object space 132096K, 53% used [0x00000000c3e00000,0x00000000c82832b0,0x00000000cbf00000)
 PSPermGen       total 35328K, used 22492K [0x00000000bec00000, 0x00000000c0e80000, 0x00000000c3e00000)
  object space 35328K, 63% used [0x00000000bec00000,0x00000000c01f7078,0x00000000c0e80000)
Event: 27,161 GC heap after
Heap after GC invocations=20 (full 5):
 PSYoungGen      total 121856K, used 59018K [0x00000000ebf00000, 0x00000000f9d80000, 0x0000000100000000)
  eden space 61440K, 0% used [0x00000000ebf00000,0x00000000ebf00000,0x00000000efb00000)
  from space 60416K, 97% used [0x00000000efb00000,0x00000000f34a2b40,0x00000000f3600000)
  to   space 71168K, 0% used [0x00000000f5800000,0x00000000f5800000,0x00000000f9d80000)
 ParOldGen       total 132096K, used 70156K [0x00000000c3e00000, 0x00000000cbf00000, 0x00000000ebf00000)
  object space 132096K, 53% used [0x00000000c3e00000,0x00000000c82832b0,0x00000000cbf00000)
 PSPermGen       total 35328K, used 22492K [0x00000000bec00000, 0x00000000c0e80000, 0x00000000c3e00000)
  object space 35328K, 63% used [0x00000000bec00000,0x00000000c01f7078,0x00000000c0e80000)
}
Event: 27,218 GC heap before
{Heap before GC invocations=21 (full 5):
 PSYoungGen      total 121856K, used 120451K [0x00000000ebf00000, 0x00000000f9d80000, 0x0000000100000000)
  eden space 61440K, 99% used [0x00000000ebf00000,0x00000000efafe410,0x00000000efb00000)
  from space 60416K, 97% used [0x00000000efb00000,0x00000000f34a2b40,0x00000000f3600000)
  to   space 71168K, 0% used [0x00000000f5800000,0x00000000f5800000,0x00000000f9d80000)
 ParOldGen       total 132096K, used 70156K [0x00000000c3e00000, 0x00000000cbf00000, 0x00000000ebf00000)
  object space 132096K, 53% used [0x00000000c3e00000,0x00000000c82832b0,0x00000000cbf00000)
 PSPermGen       total 35328K, used 22492K [0x00000000bec00000, 0x00000000c0e80000, 0x00000000c3e00000)
  object space 35328K, 63% used [0x00000000bec00000,0x00000000c01f7078,0x00000000c0e80000)
Event: 27,298 GC heap after
Heap after GC invocations=21 (full 5):
 PSYoungGen      total 147456K, used 60989K [0x00000000ebf00000, 0x00000000fb200000, 0x0000000100000000)
  eden space 76288K, 0% used [0x00000000ebf00000,0x00000000ebf00000,0x00000000f0980000)
  from space 71168K, 85% used [0x00000000f5800000,0x00000000f938f690,0x00000000f9d80000)
  to   space 80384K, 0% used [0x00000000f0980000,0x00000000f0980000,0x00000000f5800000)
 ParOldGen       total 132096K, used 128985K [0x00000000c3e00000, 0x00000000cbf00000, 0x00000000ebf00000)
  object space 132096K, 97% used [0x00000000c3e00000,0x00000000cbbf6520,0x00000000cbf00000)
 PSPermGen       total 35328K, used 22492K [0x00000000bec00000, 0x00000000c0e80000, 0x00000000c3e00000)
  object space 35328K, 63% used [0x00000000bec00000,0x00000000c01f7078,0x00000000c0e80000)
}
Event: 27,298 GC heap before
{Heap before GC invocations=22 (full 6):
 PSYoungGen      total 147456K, used 60989K [0x00000000ebf00000, 0x00000000fb200000, 0x0000000100000000)
  eden space 76288K, 0% used [0x00000000ebf00000,0x00000000ebf00000,0x00000000f0980000)
  from space 71168K, 85% used [0x00000000f5800000,0x00000000f938f690,0x00000000f9d80000)
  to   space 80384K, 0% used [0x00000000f0980000,0x00000000f0980000,0x00000000f5800000)
 ParOldGen       total 132096K, used 128985K [0x00000000c3e00000, 0x00000000cbf00000, 0x00000000ebf00000)
  object space 132096K, 97% used [0x00000000c3e00000,0x00000000cbbf6520,0x00000000cbf00000)
 PSPermGen       total 35328K, used 22492K [0x00000000bec00000, 0x00000000c0e80000, 0x00000000c3e00000)
  object space 35328K, 63% used [0x00000000bec00000,0x00000000c01f7078,0x00000000c0e80000)

